<?xml version="1.0" encoding="UTF-8"?>
<testsuite xmlns:xsi="http://www.w3.org/2001/XMLSchema-instance" xsi:noNamespaceSchemaLocation="https://maven.apache.org/surefire/maven-surefire-plugin/xsd/surefire-test-report-3.0.xsd" version="3.0" name="com.mocktest.service.impl.AuthServiceImplTest" time="0.34" tests="7" errors="0" skipped="0" failures="0">
  <properties>
[...]
</properties>
  <testcase name="login_withNonExistentUser_throwsResourceNotFoundException" classname="com.mocktest.service.impl.AuthServiceImplTest" time="0.258"/>
  <testcase name="register_withExistingEmail_throwsBadRequestException" classname="com.mocktest.service.impl.AuthServiceImplTest" time="0.023"/>
  <testcase name="register_withValidRequest_returnsSuccessMessage" classname="com.mocktest.service.impl.AuthServiceImplTest" time="0.012"/>
  <testcase name="login_withValidCredentials_returnsLoginResponse" classname="com.mocktest.service.impl.AuthServiceImplTest" time="0.017"/>
  <testcase name="register_withInvalidDepartment_throwsResourceNotFoundException" classname="com.mocktest.service.impl.AuthServiceImplTest" time="0.007"/>
  <testcase name="register_withInvalidRole_throwsBadRequestException" classname="com.mocktest.service.impl.AuthServiceImplTest" time="0.006"/>
  <testcase name="register_withMediatorRole_succeeds" classname="com.mocktest.service.impl.AuthServiceImplTest" time="0.006"/>
</testsuite>