# JRE version: OpenJDK Runtime Environment Temurin-21.0.9+10 (21.0.9+10) (build 21.0.9+10-LTS)
# Java VM: OpenJDK 64-Bit Server VM Temurin-21.0.9+10 (21.0.9+10-LTS, mixed mode, sharing, tiered, compressed oops, compressed class ptrs, parallel gc, windows-amd64)
GC Precious Log:
 CardTable entry size: 512
 CPUs: 16 total, 16 available
 Memory: 16068M
 Large Page Support: Disabled
 NUMA Support: Disabled
 Compressed Oops: Enabled (32-bit)
 Alignments: Space 512K, Generation 512K, Heap 2M
 Heap Min Capacity: 100M
 Heap Initial Capacity: 100M
 Heap Max Capacity: 2G
 Pre-touch: Disabled
 Parallel Workers: 13
Heap:
 PSYoungGen      total 4608K, used 1511K [0x00000000d5580000, 0x00000000d5d80000, 0x0000000100000000)
  eden space 3072K, 33% used [0x00000000d5580000,0x00000000d5681c50,0x00000000d5880000)
  from space 1536K, 31% used [0x00000000d5a80000,0x00000000d5af8000,0x00000000d5c00000)
  to   space 1024K, 0% used [0x00000000d5c80000,0x00000000d5c80000,0x00000000d5d80000)
 ParOldGen       total 540160K, used 540025K [0x0000000080000000, 0x00000000a0f80000, 0x00000000d5580000)
  object space 540160K, 99% used [0x0000000080000000,0x00000000a0f5e420,0x00000000a0f80000)
 Metaspace       used 74508K, committed 76224K, reserved 1179648K
  class space    used 7428K, committed 8192K, reserved 1048576K
GC Heap History (20 events):
Event: 11583.128 GC heap before
{Heap before GC invocations=590 (full 4):
 PSYoungGen      total 4096K, used 3711K [0x00000000d5580000, 0x00000000d5e00000, 0x0000000100000000)
  eden space 3072K, 99% used [0x00000000d5580000,0x00000000d587fff0,0x00000000d5880000)
  from space 1024K, 62% used [0x00000000d5c80000,0x00000000d5d20000,0x00000000d5d80000)
  to   space 512K, 0% used [0x00000000d5d80000,0x00000000d5d80000,0x00000000d5e00000)
 ParOldGen       total 537088K, used 536902K [0x0000000080000000, 0x00000000a0c80000, 0x00000000d5580000)
  object space 537088K, 99% used [0x0000000080000000,0x00000000a0c51a78,0x00000000a0c80000)
 Metaspace       used 74158K, committed 75776K, reserved 1179648K
  class space    used 7402K, committed 8128K, reserved 1048576K
}
Event: 11583.131 GC heap after
{Heap after GC invocations=590 (full 4):
 PSYoungGen      total 3584K, used 482K [0x00000000d5580000, 0x00000000d5e00000, 0x0000000100000000)
  eden space 3072K, 0% used [0x00000000d5580000,0x00000000d5580000,0x00000000d5880000)
  from space 512K, 94% used [0x00000000d5d80000,0x00000000d5df88a8,0x00000000d5e00000)
  to   space 1536K, 0% used [0x00000000d5b00000,0x00000000d5b00000,0x00000000d5c80000)
 ParOldGen       total 537600K, used 537414K [0x0000000080000000, 0x00000000a0d00000, 0x00000000d5580000)
  object space 537600K, 99% used [0x0000000080000000,0x00000000a0cd1870,0x00000000a0d00000)
 Metaspace       used 74158K, committed 75776K, reserved 1179648K
  class space    used 7402K, committed 8128K, reserved 1048576K
}
Event: 11583.207 GC heap before
{Heap before GC invocations=591 (full 4):
 PSYoungGen      total 3584K, used 3554K [0x00000000d5580000, 0x00000000d5e00000, 0x0000000100000000)
  eden space 3072K, 100% used [0x00000000d5580000,0x00000000d5880000,0x00000000d5880000)
  from space 512K, 94% used [0x00000000d5d80000,0x00000000d5df88a8,0x00000000d5e00000)
  to   space 1536K, 0% used [0x00000000d5b00000,0x00000000d5b00000,0x00000000d5c80000)
 ParOldGen       total 537600K, used 537414K [0x0000000080000000, 0x00000000a0d00000, 0x00000000d5580000)
  object space 537600K, 99% used [0x0000000080000000,0x00000000a0cd1870,0x00000000a0d00000)
 Metaspace       used 74211K, committed 75840K, reserved 1179648K
  class space    used 7402K, committed 8128K, reserved 1048576K
}
Event: 11583.208 GC heap after
{Heap after GC invocations=591 (full 4):
 PSYoungGen      total 4608K, used 672K [0x00000000d5580000, 0x00000000d5e00000, 0x0000000100000000)
  eden space 3072K, 0% used [0x00000000d5580000,0x00000000d5580000,0x00000000d5880000)
  from space 1536K, 43% used [0x00000000d5b00000,0x00000000d5ba8000,0x00000000d5c80000)
  to   space 1024K, 0% used [0x00000000d5d00000,0x00000000d5d00000,0x00000000d5e00000)
 ParOldGen       total 538112K, used 537778K [0x0000000080000000, 0x00000000a0d80000, 0x00000000d5580000)
  object space 538112K, 99% used [0x0000000080000000,0x00000000a0d2c880,0x00000000a0d80000)
 Metaspace       used 74211K, committed 75840K, reserved 1179648K
  class space    used 7402K, committed 8128K, reserved 1048576K
}
Event: 11583.257 GC heap before
{Heap before GC invocations=592 (full 4):
 PSYoungGen      total 4608K, used 3744K [0x00000000d5580000, 0x00000000d5e00000, 0x0000000100000000)
  eden space 3072K, 100% used [0x00000000d5580000,0x00000000d5880000,0x00000000d5880000)
  from space 1536K, 43% used [0x00000000d5b00000,0x00000000d5ba8000,0x00000000d5c80000)
  to   space 1024K, 0% used [0x00000000d5d00000,0x00000000d5d00000,0x00000000d5e00000)
 ParOldGen       total 538112K, used 537778K [0x0000000080000000, 0x00000000a0d80000, 0x00000000d5580000)
  object space 538112K, 99% used [0x0000000080000000,0x00000000a0d2c880,0x00000000a0d80000)
 Metaspace       used 74268K, committed 75968K, reserved 1179648K
  class space    used 7411K, committed 8192K, reserved 1048576K
}
Event: 11583.259 GC heap after
{Heap after GC invocations=592 (full 4):
 PSYoungGen      total 3584K, used 416K [0x00000000d5580000, 0x00000000d5d80000, 0x0000000100000000)
  eden space 3072K, 0% used [0x00000000d5580000,0x00000000d5580000,0x00000000d5880000)
  from space 512K, 81% used [0x00000000d5d00000,0x00000000d5d68000,0x00000000d5d80000)
  to   space 1024K, 0% used [0x00000000d5b80000,0x00000000d5b80000,0x00000000d5c80000)
 ParOldGen       total 538624K, used 538175K [0x0000000080000000, 0x00000000a0e00000, 0x00000000d5580000)
  object space 538624K, 99% used [0x0000000080000000,0x00000000a0d8fea8,0x00000000a0e00000)
 Metaspace       used 74268K, committed 75968K, reserved 1179648K
  class space    used 7411K, committed 8192K, reserved 1048576K
}
Event: 11583.279 GC heap before
{Heap before GC invocations=593 (full 4):
 PSYoungGen      total 3584K, used 2816K [0x00000000d5580000, 0x00000000d5d80000, 0x0000000100000000)
  eden space 3072K, 78% used [0x00000000d5580000,0x00000000d57d82f0,0x00000000d5880000)
  from space 512K, 81% used [0x00000000d5d00000,0x00000000d5d68000,0x00000000d5d80000)
  to   space 1024K, 0% used [0x00000000d5b80000,0x00000000d5b80000,0x00000000d5c80000)
 ParOldGen       total 538624K, used 538175K [0x0000000080000000, 0x00000000a0e00000, 0x00000000d5580000)
  object space 538624K, 99% used [0x0000000080000000,0x00000000a0d8fea8,0x00000000a0e00000)
 Metaspace       used 74282K, committed 75968K, reserved 1179648K
  class space    used 7412K, committed 8192K, reserved 1048576K
}
Event: 11583.280 GC heap after
{Heap after GC invocations=593 (full 4):
 PSYoungGen      total 4096K, used 372K [0x00000000d5580000, 0x00000000d5d80000, 0x0000000100000000)
  eden space 3072K, 0% used [0x00000000d5580000,0x00000000d5580000,0x00000000d5880000)
  from space 1024K, 36% used [0x00000000d5b80000,0x00000000d5bdd200,0x00000000d5c80000)
  to   space 512K, 0% used [0x00000000d5d00000,0x00000000d5d00000,0x00000000d5d80000)
 ParOldGen       total 538624K, used 538223K [0x0000000080000000, 0x00000000a0e00000, 0x00000000d5580000)
  object space 538624K, 99% used [0x0000000080000000,0x00000000a0d9bea8,0x00000000a0e00000)
 Metaspace       used 74282K, committed 75968K, reserved 1179648K
  class space    used 7412K, committed 8192K, reserved 1048576K
}
Event: 11583.296 GC heap before
{Heap before GC invocations=594 (full 4):
 PSYoungGen      total 4096K, used 3444K [0x00000000d5580000, 0x00000000d5d80000, 0x0000000100000000)
  eden space 3072K, 100% used [0x00000000d5580000,0x00000000d5880000,0x00000000d5880000)
  from space 1024K, 36% used [0x00000000d5b80000,0x00000000d5bdd200,0x00000000d5c80000)
  to   space 512K, 0% used [0x00000000d5d00000,0x00000000d5d00000,0x00000000d5d80000)
 ParOldGen       total 538624K, used 538223K [0x0000000080000000, 0x00000000a0e00000, 0x00000000d5580000)
  object space 538624K, 99% used [0x0000000080000000,0x00000000a0d9bea8,0x00000000a0e00000)
 Metaspace       used 74282K, committed 75968K, reserved 1179648K
  class space    used 7412K, committed 8192K, reserved 1048576K
}
Event: 11583.297 GC heap after
{Heap after GC invocations=594 (full 4):
 PSYoungGen      total 3584K, used 320K [0x00000000d5580000, 0x00000000d5d80000, 0x0000000100000000)
  eden space 3072K, 0% used [0x00000000d5580000,0x00000000d5580000,0x00000000d5880000)
  from space 512K, 62% used [0x00000000d5d00000,0x00000000d5d50000,0x00000000d5d80000)
  to   space 512K, 0% used [0x00000000d5c80000,0x00000000d5c80000,0x00000000d5d00000)
 ParOldGen       total 538624K, used 538372K [0x0000000080000000, 0x00000000a0e00000, 0x00000000d5580000)
  object space 538624K, 99% used [0x0000000080000000,0x00000000a0dc10a8,0x00000000a0e00000)
 Metaspace       used 74282K, committed 75968K, reserved 1179648K
  class space    used 7412K, committed 8192K, reserved 1048576K
}
Event: 11584.516 GC heap before
{Heap before GC invocations=595 (full 4):
 PSYoungGen      total 3584K, used 3390K [0x00000000d5580000, 0x00000000d5d80000, 0x0000000100000000)
  eden space 3072K, 99% used [0x00000000d5580000,0x00000000d587fb18,0x00000000d5880000)
  from space 512K, 62% used [0x00000000d5d00000,0x00000000d5d50000,0x00000000d5d80000)
  to   space 512K, 0% used [0x00000000d5c80000,0x00000000d5c80000,0x00000000d5d00000)
 ParOldGen       total 538624K, used 538372K [0x0000000080000000, 0x00000000a0e00000, 0x00000000d5580000)
  object space 538624K, 99% used [0x0000000080000000,0x00000000a0dc10a8,0x00000000a0e00000)
 Metaspace       used 74459K, committed 76096K, reserved 1179648K
  class space    used 7428K, committed 8192K, reserved 1048576K
}
Event: 11584.521 GC heap after
{Heap after GC invocations=595 (full 4):
 PSYoungGen      total 3584K, used 352K [0x00000000d5580000, 0x00000000d5d80000, 0x0000000100000000)
  eden space 3072K, 0% used [0x00000000d5580000,0x00000000d5580000,0x00000000d5880000)
  from space 512K, 68% used [0x00000000d5c80000,0x00000000d5cd8000,0x00000000d5d00000)
  to   space 512K, 0% used [0x00000000d5d00000,0x00000000d5d00000,0x00000000d5d80000)
 ParOldGen       total 538624K, used 538436K [0x0000000080000000, 0x00000000a0e00000, 0x00000000d5580000)
  object space 538624K, 99% used [0x0000000080000000,0x00000000a0dd10a8,0x00000000a0e00000)
 Metaspace       used 74459K, committed 76096K, reserved 1179648K
  class space    used 7428K, committed 8192K, reserved 1048576K
}
Event: 11584.525 GC heap before
{Heap before GC invocations=596 (full 4):
 PSYoungGen      total 3584K, used 3423K [0x00000000d5580000, 0x00000000d5d80000, 0x0000000100000000)
  eden space 3072K, 99% used [0x00000000d5580000,0x00000000d587ffe0,0x00000000d5880000)
  from space 512K, 68% used [0x00000000d5c80000,0x00000000d5cd8000,0x00000000d5d00000)
  to   space 512K, 0% used [0x00000000d5d00000,0x00000000d5d00000,0x00000000d5d80000)
 ParOldGen       total 538624K, used 538436K [0x0000000080000000, 0x00000000a0e00000, 0x00000000d5580000)
  object space 538624K, 99% used [0x0000000080000000,0x00000000a0dd10a8,0x00000000a0e00000)
 Metaspace       used 74460K, committed 76096K, reserved 1179648K
  class space    used 7428K, committed 8192K, reserved 1048576K
}
Event: 11584.527 GC heap after
{Heap after GC invocations=596 (full 4):
 PSYoungGen      total 3584K, used 506K [0x00000000d5580000, 0x00000000d5d80000, 0x0000000100000000)
  eden space 3072K, 0% used [0x00000000d5580000,0x00000000d5580000,0x00000000d5880000)
  from space 512K, 98% used [0x00000000d5d00000,0x00000000d5d7e900,0x00000000d5d80000)
  to   space 1024K, 0% used [0x00000000d5b80000,0x00000000d5b80000,0x00000000d5c80000)
 ParOldGen       total 538624K, used 538596K [0x0000000080000000, 0x00000000a0e00000, 0x00000000d5580000)
  object space 538624K, 99% used [0x0000000080000000,0x00000000a0df90a8,0x00000000a0e00000)
 Metaspace       used 74460K, committed 76096K, reserved 1179648K
  class space    used 7428K, committed 8192K, reserved 1048576K
}
Event: 11584.530 GC heap before
{Heap before GC invocations=597 (full 4):
 PSYoungGen      total 3584K, used 3578K [0x00000000d5580000, 0x00000000d5d80000, 0x0000000100000000)
  eden space 3072K, 99% used [0x00000000d5580000,0x00000000d587fff0,0x00000000d5880000)
  from space 512K, 98% used [0x00000000d5d00000,0x00000000d5d7e900,0x00000000d5d80000)
  to   space 1024K, 0% used [0x00000000d5b80000,0x00000000d5b80000,0x00000000d5c80000)
 ParOldGen       total 538624K, used 538596K [0x0000000080000000, 0x00000000a0e00000, 0x00000000d5580000)
  object space 538624K, 99% used [0x0000000080000000,0x00000000a0df90a8,0x00000000a0e00000)
 Metaspace       used 74460K, committed 76096K, reserved 1179648K
  class space    used 7428K, committed 8192K, reserved 1048576K
}
Event: 11584.532 GC heap after
{Heap after GC invocations=597 (full 4):
 PSYoungGen      total 4096K, used 384K [0x00000000d5580000, 0x00000000d5d80000, 0x0000000100000000)
  eden space 3072K, 0% used [0x00000000d5580000,0x00000000d5580000,0x00000000d5880000)
  from space 1024K, 37% used [0x00000000d5b80000,0x00000000d5be0000,0x00000000d5c80000)
  to   space 512K, 0% used [0x00000000d5d00000,0x00000000d5d00000,0x00000000d5d80000)
 ParOldGen       total 539136K, used 539052K [0x0000000080000000, 0x00000000a0e80000, 0x00000000d5580000)
  object space 539136K, 99% used [0x0000000080000000,0x00000000a0e6b3f0,0x00000000a0e80000)
 Metaspace       used 74460K, committed 76096K, reserved 1179648K
  class space    used 7428K, committed 8192K, reserved 1048576K
}
Event: 11584.545 GC heap before
{Heap before GC invocations=598 (full 4):
 PSYoungGen      total 4096K, used 3456K [0x00000000d5580000, 0x00000000d5d80000, 0x0000000100000000)
  eden space 3072K, 100% used [0x00000000d5580000,0x00000000d5880000,0x00000000d5880000)
  from space 1024K, 37% used [0x00000000d5b80000,0x00000000d5be0000,0x00000000d5c80000)
  to   space 512K, 0% used [0x00000000d5d00000,0x00000000d5d00000,0x00000000d5d80000)
 ParOldGen       total 539136K, used 539052K [0x0000000080000000, 0x00000000a0e80000, 0x00000000d5580000)
  object space 539136K, 99% used [0x0000000080000000,0x00000000a0e6b3f0,0x00000000a0e80000)
 Metaspace       used 74472K, committed 76160K, reserved 1179648K
  class space    used 7428K, committed 8192K, reserved 1048576K
}
Event: 11584.546 GC heap after
{Heap after GC invocations=598 (full 4):
 PSYoungGen      total 3584K, used 512K [0x00000000d5580000, 0x00000000d5d80000, 0x0000000100000000)
  eden space 3072K, 0% used [0x00000000d5580000,0x00000000d5580000,0x00000000d5880000)
  from space 512K, 100% used [0x00000000d5d00000,0x00000000d5d80000,0x00000000d5d80000)
  to   space 1536K, 0% used [0x00000000d5a80000,0x00000000d5a80000,0x00000000d5c00000)
 ParOldGen       total 539648K, used 539489K [0x0000000080000000, 0x00000000a0f00000, 0x00000000d5580000)
  object space 539648K, 99% used [0x0000000080000000,0x00000000a0ed8420,0x00000000a0f00000)
 Metaspace       used 74472K, committed 76160K, reserved 1179648K
  class space    used 7428K, committed 8192K, reserved 1048576K
}
Event: 11882.770 GC heap before
{Heap before GC invocations=599 (full 4):
 PSYoungGen      total 3584K, used 3584K [0x00000000d5580000, 0x00000000d5d80000, 0x0000000100000000)
  eden space 3072K, 100% used [0x00000000d5580000,0x00000000d5880000,0x00000000d5880000)
  from space 512K, 100% used [0x00000000d5d00000,0x00000000d5d80000,0x00000000d5d80000)
  to   space 1536K, 0% used [0x00000000d5a80000,0x00000000d5a80000,0x00000000d5c00000)
 ParOldGen       total 539648K, used 539489K [0x0000000080000000, 0x00000000a0f00000, 0x00000000d5580000)
  object space 539648K, 99% used [0x0000000080000000,0x00000000a0ed8420,0x00000000a0f00000)
 Metaspace       used 74501K, committed 76224K, reserved 1179648K
  class space    used 7428K, committed 8192K, reserved 1048576K
}
Event: 11882.774 GC heap after
{Heap after GC invocations=599 (full 4):
 PSYoungGen      total 4608K, used 480K [0x00000000d5580000, 0x00000000d5d80000, 0x0000000100000000)
  eden space 3072K, 0% used [0x00000000d5580000,0x00000000d5580000,0x00000000d5880000)
  from space 1536K, 31% used [0x00000000d5a80000,0x00000000d5af8000,0x00000000d5c00000)
  to   space 1024K, 0% used [0x00000000d5c80000,0x00000000d5c80000,0x00000000d5d80000)
 ParOldGen       total 540160K, used 540025K [0x0000000080000000, 0x00000000a0f80000, 0x00000000d5580000)
  object space 540160K, 99% used [0x0000000080000000,0x00000000a0f5e420,0x00000000a0f80000)
 Metaspace       used 74501K, committed 76224K, reserved 1179648K
  class space    used 7428K, committed 8192K, reserved 1048576K
}

